Removed Pin From Net: NetName=NetJ2_2 Pin=U1A-17
Removed Pin From Net: NetName=A0 Pin=U1A-18
Removed Pin From Net: NetName=D0 Pin=U1A-21
Removed Pin From Net: NetName=D1 Pin=U1A-24
Removed Pin From Net: NetName=D2 Pin=U1A-27
Removed Pin From Net: NetName=D3 Pin=U1A-30
Removed Pin From Net: NetName=D4 Pin=U1A-33
Removed Pin From Net: NetName=D5 Pin=U1A-36
Removed Pin From Net: NetName=D6 Pin=U1A-39
Removed Pin From Net: NetName=\RD Pin=U1A-42
Removed Pin From Net: NetName=A1 Pin=U1A-43
Removed Pin From Net: NetName=D7 Pin=U1A-54
Removed Pin From Net: NetName=D8 Pin=U1A-65
Removed Pin From Net: NetName=D9 Pin=U1A-68
Removed Pin From Net: NetName=D10 Pin=U1A-73
Removed Pin From Net: NetName=D11 Pin=U1A-74
Removed Pin From Net: NetName=NetC29_1 Pin=U1A-76
Removed Pin From Net: NetName=NetC30_1 Pin=U1A-77
Removed Pin From Net: NetName=A2 Pin=U1A-80
Removed Pin From Net: NetName=\WE Pin=U1A-84
Removed Pin From Net: NetName=A3 Pin=U1A-85
Removed Pin From Net: NetName=\CS2 Pin=U1A-88
Removed Pin From Net: NetName=D12 Pin=U1A-96
Removed Pin From Net: NetName=D13 Pin=U1A-97
Removed Pin From Net: NetName=A4 Pin=U1A-103
Removed Pin From Net: NetName=A5 Pin=U1A-108
Removed Pin From Net: NetName=A6 Pin=U1A-111
Removed Pin From Net: NetName=A7 Pin=U1A-118
Removed Pin From Net: NetName=A8 Pin=U1A-121
Removed Pin From Net: NetName=A9 Pin=U1A-125
Removed Pin From Net: NetName=TMS Pin=U1A-126
Removed Pin From Net: NetName=TDO Pin=U1A-127
Removed Pin From Net: NetName=A10 Pin=U1A-130
Removed Pin From Net: NetName=TDI Pin=U1A-131
Removed Pin From Net: NetName=A11 Pin=U1A-132
Removed Pin From Net: NetName=GND Pin=U1A-134
Removed Pin From Net: NetName=\TRST Pin=U1A-135
Removed Pin From Net: NetName=TCK Pin=U1A-136
Removed Pin From Net: NetName=EMU0 Pin=U1A-137
Removed Pin From Net: NetName=A12 Pin=U1A-138
Removed Pin From Net: NetName=D14 Pin=U1A-139
Removed Pin From Net: NetName=A13 Pin=U1A-141
Removed Pin From Net: NetName=A14 Pin=U1A-144
Removed Pin From Net: NetName=EMU1 Pin=U1A-146
Removed Pin From Net: NetName=D15 Pin=U1A-147
Removed Pin From Net: NetName=A15 Pin=U1A-148
Removed Pin From Net: NetName=A16 Pin=U1A-152
Removed Pin From Net: NetName=A17 Pin=U1A-156
Removed Pin From Net: NetName=A18 Pin=U1A-158
Removed Pin From Net: NetName=\XHOLD Pin=U1A-159
Removed Pin From Net: NetName=\RESET Pin=U1A-160
Removed Pin From Net: NetName=XREADY Pin=U1A-161
Removed Member From Class: ClassName=DST and Memory Member=U1A
Removed Member From Class: ClassName=AD and UART Member=U1
Added Pin To Net: NetName=NetJ2_2 Pin=U1-17
Added Pin To Net: NetName=A0 Pin=U1-18
Added Pin To Net: NetName=D0 Pin=U1-21
Added Pin To Net: NetName=D1 Pin=U1-24
Added Pin To Net: NetName=D2 Pin=U1-27
Added Pin To Net: NetName=D3 Pin=U1-30
Added Pin To Net: NetName=D4 Pin=U1-33
Added Pin To Net: NetName=D5 Pin=U1-36
Added Pin To Net: NetName=D6 Pin=U1-39
Added Pin To Net: NetName=\RD Pin=U1-42
Added Pin To Net: NetName=A1 Pin=U1-43
Added Pin To Net: NetName=D7 Pin=U1-54
Added Pin To Net: NetName=D8 Pin=U1-65
Added Pin To Net: NetName=D9 Pin=U1-68
Added Pin To Net: NetName=D10 Pin=U1-73
Added Pin To Net: NetName=D11 Pin=U1-74
Added Pin To Net: NetName=NetC29_1 Pin=U1-76
Added Pin To Net: NetName=NetC30_1 Pin=U1-77
Added Pin To Net: NetName=A2 Pin=U1-80
Added Pin To Net: NetName=\WE Pin=U1-84
Added Pin To Net: NetName=A3 Pin=U1-85
Added Pin To Net: NetName=\CS2 Pin=U1-88
Added Pin To Net: NetName=D12 Pin=U1-96
Added Pin To Net: NetName=D13 Pin=U1-97
Added Pin To Net: NetName=A4 Pin=U1-103
Added Pin To Net: NetName=A5 Pin=U1-108
Added Pin To Net: NetName=A6 Pin=U1-111
Added Pin To Net: NetName=A7 Pin=U1-118
Added Pin To Net: NetName=A8 Pin=U1-121
Added Pin To Net: NetName=A9 Pin=U1-125
Added Pin To Net: NetName=TMS Pin=U1-126
Added Pin To Net: NetName=TDO Pin=U1-127
Added Pin To Net: NetName=A10 Pin=U1-130
Added Pin To Net: NetName=TDI Pin=U1-131
Added Pin To Net: NetName=A11 Pin=U1-132
Added Pin To Net: NetName=GND Pin=U1-134
Added Pin To Net: NetName=\TRST Pin=U1-135
Added Pin To Net: NetName=TCK Pin=U1-136
Added Pin To Net: NetName=EMU0 Pin=U1-137
Added Pin To Net: NetName=A12 Pin=U1-138
Added Pin To Net: NetName=D14 Pin=U1-139
Added Pin To Net: NetName=A13 Pin=U1-141
Added Pin To Net: NetName=A14 Pin=U1-144
Added Pin To Net: NetName=EMU1 Pin=U1-146
Added Pin To Net: NetName=D15 Pin=U1-147
Added Pin To Net: NetName=A15 Pin=U1-148
Added Pin To Net: NetName=A16 Pin=U1-152
Added Pin To Net: NetName=A17 Pin=U1-156
Added Pin To Net: NetName=A18 Pin=U1-158
Added Pin To Net: NetName=\XHOLD Pin=U1-159
Added Pin To Net: NetName=\RESET Pin=U1-160
Added Pin To Net: NetName=XREADY Pin=U1-161
Added Member To Class: ClassName=DST and Memory Member=Component U1 TMS320F2812FPGA
