Removed Pin From Net: NetName=+1.9V Pin=C3-1
Removed Pin From Net: NetName=+1.9V Pin=C4-1
Removed Pin From Net: NetName=+1.9V Pin=C7-1
Removed Pin From Net: NetName=+1.9V Pin=C8-1
Removed Pin From Net: NetName=+1.9V Pin=C9-1
Removed Pin From Net: NetName=+1.9V Pin=C10-1
Removed Pin From Net: NetName=+1.9V Pin=C11-1
Removed Pin From Net: NetName=+1.9V Pin=C12-1
Removed Pin From Net: NetName=+1.9V Pin=C13-1
Removed Pin From Net: NetName=+1.9V Pin=C14-1
Removed Pin From Net: NetName=+1.9V Pin=C15-1
Removed Pin From Net: NetName=+1.9V Pin=D3-A
Removed Pin From Net: NetName=+1.9V Pin=R3-2
Removed Pin From Net: NetName=+1.9V Pin=U1-23
Removed Pin From Net: NetName=+1.9V Pin=U1-37
Removed Pin From Net: NetName=+1.9V Pin=U1-56
Removed Pin From Net: NetName=+1.9V Pin=U1-75
Removed Pin From Net: NetName=+1.9V Pin=U1-100
Removed Pin From Net: NetName=+1.9V Pin=U1-112
Removed Pin From Net: NetName=+1.9V Pin=U1-128
Removed Pin From Net: NetName=+1.9V Pin=U1-143
Removed Pin From Net: NetName=+1.9V Pin=U1-154
Removed Pin From Net: NetName=+1.9V Pin=U3-5
Removed Pin From Net: NetName=+1.9V Pin=U3-6
Change Net Name : Old Net Name=+1.9V New Net Name=GND
Added Pin To Net: NetName=+1.9V Pin=C3-1
Added Pin To Net: NetName=+1.9V Pin=C4-1
Added Pin To Net: NetName=+1.9V Pin=C7-1
Added Pin To Net: NetName=+1.9V Pin=C8-1
Added Pin To Net: NetName=+1.9V Pin=C9-1
Added Pin To Net: NetName=+1.9V Pin=C10-1
Added Pin To Net: NetName=+1.9V Pin=C11-1
Added Pin To Net: NetName=+1.9V Pin=C12-1
Added Pin To Net: NetName=+1.9V Pin=C13-1
Added Pin To Net: NetName=+1.9V Pin=C14-1
Added Pin To Net: NetName=+1.9V Pin=C15-1
Added Pin To Net: NetName=+1.9V Pin=D3-A
Added Pin To Net: NetName=+1.9V Pin=R3-2
Added Pin To Net: NetName=+1.9V Pin=U1-23
Added Pin To Net: NetName=+1.9V Pin=U1-37
Added Pin To Net: NetName=+1.9V Pin=U1-56
Added Pin To Net: NetName=+1.9V Pin=U1-75
Added Pin To Net: NetName=+1.9V Pin=U1-100
Added Pin To Net: NetName=+1.9V Pin=U1-112
Added Pin To Net: NetName=+1.9V Pin=U1-128
Added Pin To Net: NetName=+1.9V Pin=U1-143
Added Pin To Net: NetName=+1.9V Pin=U1-154
Added Pin To Net: NetName=+1.9V Pin=U3-5
Added Pin To Net: NetName=+1.9V Pin=U3-6
Added Net: Name=+1.9V
