Added Component: Designator=C1(3216)
Add component. Clean all parameters for all variants
Added Component: Designator=C2(0805)
Add component. Clean all parameters for all variants
Added Component: Designator=C3(3216)
Add component. Clean all parameters for all variants
Added Component: Designator=C4(0805)
Add component. Clean all parameters for all variants
Added Component: Designator=C5(3216)
Add component. Clean all parameters for all variants
Added Component: Designator=C6(0805)
Add component. Clean all parameters for all variants
Added Component: Designator=C7(0805)
Add component. Clean all parameters for all variants
Added Component: Designator=C8(0805)
Add component. Clean all parameters for all variants
Added Component: Designator=C9(0805)
Add component. Clean all parameters for all variants
Added Component: Designator=C10(0805)
Add component. Clean all parameters for all variants
Added Component: Designator=C11(0805)
Add component. Clean all parameters for all variants
Added Component: Designator=C12(0805)
Add component. Clean all parameters for all variants
Added Component: Designator=C13(0805)
Add component. Clean all parameters for all variants
Added Component: Designator=C14(0805)
Add component. Clean all parameters for all variants
Added Component: Designator=C15(0805)
Add component. Clean all parameters for all variants
Added Component: Designator=C16(0805)
Add component. Clean all parameters for all variants
Added Component: Designator=C17(0805)
Add component. Clean all parameters for all variants
Added Component: Designator=C18(0805)
Add component. Clean all parameters for all variants
Added Component: Designator=C19(0805)
Add component. Clean all parameters for all variants
Added Component: Designator=C20(0805)
Add component. Clean all parameters for all variants
Added Component: Designator=C21(0805)
Add component. Clean all parameters for all variants
Added Component: Designator=C22(0805)
Add component. Clean all parameters for all variants
Added Component: Designator=C23(0805)
Add component. Clean all parameters for all variants
Added Component: Designator=C24(0805)
Add component. Clean all parameters for all variants
Added Component: Designator=C25(3216)
Add component. Clean all parameters for all variants
Added Component: Designator=C26(0805)
Add component. Clean all parameters for all variants
Added Component: Designator=C27(3216)
Add component. Clean all parameters for all variants
Added Component: Designator=C28(0805)
Add component. Clean all parameters for all variants
Added Component: Designator=D1(LEDSURFACE)
Add component. Clean all parameters for all variants
Added Component: Designator=D2(LEDSURFACE)
Add component. Clean all parameters for all variants
Added Component: Designator=D3(LEDSURFACE)
Add component. Clean all parameters for all variants
Added Component: Designator=J1(PART)
Add component. Clean all parameters for all variants
Added Component: Designator=L1(0805)
Add component. Clean all parameters for all variants
Added Component: Designator=L2(0805)
Add component. Clean all parameters for all variants
Added Component: Designator=L3(0805)
Add component. Clean all parameters for all variants
Added Component: Designator=R1(0805)
Add component. Clean all parameters for all variants
Added Component: Designator=R2(0805)
Add component. Clean all parameters for all variants
Added Component: Designator=R3(0805)
Add component. Clean all parameters for all variants
Added Component: Designator=R4(0805)
Add component. Clean all parameters for all variants
Added Component: Designator=R5(0805)
Add component. Clean all parameters for all variants
Added Component: Designator=R6(0805)
Add component. Clean all parameters for all variants
Added Component: Designator=S1(KEYROUND)
Add component. Clean all parameters for all variants
Added Component: Designator=U2(TO263)
Add component. Clean all parameters for all variants
Added Component: Designator=U3(SO-8)
Add component. Clean all parameters for all variants
Added Component: Designator=U4(SOT23-5)
Add component. Clean all parameters for all variants
Added Pin To Net: NetName=+3.3V Pin=C1-1
Added Pin To Net: NetName=+3.3V Pin=C2-1
Added Pin To Net: NetName=+1.9V Pin=C3-1
Added Pin To Net: NetName=+1.9V Pin=C4-1
Added Pin To Net: NetName=+5V Pin=C5-1
Added Pin To Net: NetName=+1.9V Pin=C5-2
Added Pin To Net: NetName=+5V Pin=C6-1
Added Pin To Net: NetName=+1.9V Pin=C6-2
Added Pin To Net: NetName=+1.9V Pin=C7-1
Added Pin To Net: NetName=+1.9V Pin=C7-2
Added Pin To Net: NetName=+1.9V Pin=C8-1
Added Pin To Net: NetName=+1.9V Pin=C8-2
Added Pin To Net: NetName=+1.9V Pin=C9-1
Added Pin To Net: NetName=+1.9V Pin=C9-2
Added Pin To Net: NetName=+1.9V Pin=C10-1
Added Pin To Net: NetName=+1.9V Pin=C10-2
Added Pin To Net: NetName=+1.9V Pin=C11-1
Added Pin To Net: NetName=+1.9V Pin=C11-2
Added Pin To Net: NetName=+1.9V Pin=C12-1
Added Pin To Net: NetName=+1.9V Pin=C12-2
Added Pin To Net: NetName=+1.9V Pin=C13-1
Added Pin To Net: NetName=+1.9V Pin=C13-2
Added Pin To Net: NetName=+1.9V Pin=C14-1
Added Pin To Net: NetName=+1.9V Pin=C14-2
Added Pin To Net: NetName=+1.9V Pin=C15-1
Added Pin To Net: NetName=+1.9V Pin=C15-2
Added Pin To Net: NetName=+3.3V Pin=C16-1
Added Pin To Net: NetName=+1.9V Pin=C16-2
Added Pin To Net: NetName=+3.3V Pin=C17-1
Added Pin To Net: NetName=+1.9V Pin=C17-2
Added Pin To Net: NetName=+3.3V Pin=C18-1
Added Pin To Net: NetName=+1.9V Pin=C18-2
Added Pin To Net: NetName=+3.3V Pin=C19-1
Added Pin To Net: NetName=+1.9V Pin=C19-2
Added Pin To Net: NetName=+3.3V Pin=C20-1
Added Pin To Net: NetName=+1.9V Pin=C20-2
Added Pin To Net: NetName=+3.3V Pin=C21-1
Added Pin To Net: NetName=+1.9V Pin=C21-2
Added Pin To Net: NetName=+3.3V Pin=C22-1
Added Pin To Net: NetName=+1.9V Pin=C22-2
Added Pin To Net: NetName=+5V Pin=C23-1
Added Pin To Net: NetName=NetC24_1 Pin=C24-1
Added Pin To Net: NetName=+3.3VA Pin=C25-1
Added Pin To Net: NetName=+1.9V Pin=C25-2
Added Pin To Net: NetName=+3.3VA Pin=C26-1
Added Pin To Net: NetName=+1.9V Pin=C26-2
Added Pin To Net: NetName=+5V Pin=C27-1
Added Pin To Net: NetName=+1.9V Pin=C27-2
Added Pin To Net: NetName=+5V Pin=C28-1
Added Pin To Net: NetName=+1.9V Pin=C28-2
Added Pin To Net: NetName=+5V Pin=D1-A
Added Pin To Net: NetName=NetD1_K Pin=D1-K
Added Pin To Net: NetName=+3.3V Pin=D2-A
Added Pin To Net: NetName=NetD2_K Pin=D2-K
Added Pin To Net: NetName=+1.9V Pin=D3-A
Added Pin To Net: NetName=NetD3_K Pin=D3-K
Added Pin To Net: NetName=+1.9V Pin=J1-1
Added Pin To Net: NetName=+5V Pin=J1-2
Added Pin To Net: NetName=+3.3V Pin=L1-1
Added Pin To Net: NetName=+3.3VA Pin=L1-2
Added Pin To Net: NetName=+1.9V Pin=L2-1
Added Pin To Net: NetName=+1.9V Pin=L2-2
Added Pin To Net: NetName=+5V Pin=L3-1
Added Pin To Net: NetName=+5V Pin=L3-2
Added Pin To Net: NetName=NetR1_1 Pin=R1-1
Added Pin To Net: NetName=+3.3V Pin=R1-2
Added Pin To Net: NetName=NetR2_1 Pin=R2-1
Added Pin To Net: NetName=NetR2_1 Pin=R3-1
Added Pin To Net: NetName=+1.9V Pin=R3-2
Added Pin To Net: NetName=+1.9V Pin=R4-1
Added Pin To Net: NetName=NetD1_K Pin=R4-2
Added Pin To Net: NetName=+1.9V Pin=R5-1
Added Pin To Net: NetName=NetD2_K Pin=R5-2
Added Pin To Net: NetName=+1.9V Pin=R6-1
Added Pin To Net: NetName=NetD3_K Pin=R6-2
Added Pin To Net: NetName=+1.9V Pin=S1-1
Added Pin To Net: NetName=NetS1_2 Pin=S1-2
Added Pin To Net: NetName=+5V Pin=U2-1
Added Pin To Net: NetName=NetC24_1 Pin=U2-2
Added Pin To Net: NetName=+3.3V Pin=U2-4
Added Pin To Net: NetName=NetR1_1 Pin=U2-5
Added Pin To Net: NetName=NetR1_1 Pin=U3-2
Added Pin To Net: NetName=+5V Pin=U3-3
Added Pin To Net: NetName=+5V Pin=U3-4
Added Pin To Net: NetName=+1.9V Pin=U3-5
Added Pin To Net: NetName=+1.9V Pin=U3-6
Added Pin To Net: NetName=NetR2_1 Pin=U3-7
Added Pin To Net: NetName=\RESET Pin=U4-1
Added Pin To Net: NetName=+1.9V Pin=U4-2
Added Pin To Net: NetName=NetS1_2 Pin=U4-3
Added Pin To Net: NetName=+3.3V Pin=U4-5
Added Member To Class: ClassName=28power Member=Component C1 47uF
Added Member To Class: ClassName=28power Member=Component C2 0.1uF
Added Member To Class: ClassName=28power Member=Component C3 47uF
Added Member To Class: ClassName=28power Member=Component C4 0.1uF
Added Member To Class: ClassName=28power Member=Component C5 47uF
Added Member To Class: ClassName=28power Member=Component C6 0.1uF
Added Member To Class: ClassName=28power Member=Component C7 0.1uF
Added Member To Class: ClassName=28power Member=Component C8 0.1uF
Added Member To Class: ClassName=28power Member=Component C9 0.1uF
Added Member To Class: ClassName=28power Member=Component C10 0.1uF
Added Member To Class: ClassName=28power Member=Component C11 0.1uF
Added Member To Class: ClassName=28power Member=Component C12 0.1uF
Added Member To Class: ClassName=28power Member=Component C13 0.1uF
Added Member To Class: ClassName=28power Member=Component C14 0.1uF
Added Member To Class: ClassName=28power Member=Component C15 0.1uF
Added Member To Class: ClassName=28power Member=Component C16 0.1uF
Added Member To Class: ClassName=28power Member=Component C17 0.1uF
Added Member To Class: ClassName=28power Member=Component C18 0.1uF
Added Member To Class: ClassName=28power Member=Component C19 0.1uF
Added Member To Class: ClassName=28power Member=Component C20 0.1uF
Added Member To Class: ClassName=28power Member=Component C21 0.1uF
Added Member To Class: ClassName=28power Member=Component C22 0.1uF
Added Member To Class: ClassName=28power Member=Component C23 0.1uF
Added Member To Class: ClassName=28power Member=Component C24 0.1uF
Added Member To Class: ClassName=28power Member=Component C25 47uF
Added Member To Class: ClassName=28power Member=Component C26 0.1uF
Added Member To Class: ClassName=28power Member=Component C27 47uF
Added Member To Class: ClassName=28power Member=Component C28 0.1uF
Added Member To Class: ClassName=28power Member=Component D1 LED
Added Member To Class: ClassName=28power Member=Component D2 LED
Added Member To Class: ClassName=28power Member=Component D3 LED
Added Member To Class: ClassName=28power Member=Component J1 CON2
Added Member To Class: ClassName=28power Member=Component L1 INDUCTOR
Added Member To Class: ClassName=28power Member=Component L2 INDUCTOR
Added Member To Class: ClassName=28power Member=Component L3 INDUCTOR
Added Member To Class: ClassName=28power Member=Component R1 4K7
Added Member To Class: ClassName=28power Member=Component R2 30K1
Added Member To Class: ClassName=28power Member=Component R3 18K2
Added Member To Class: ClassName=28power Member=Component R4 100
Added Member To Class: ClassName=28power Member=Component R5 100
Added Member To Class: ClassName=28power Member=Component R6 100
Added Member To Class: ClassName=28power Member=Component S1 SW-PB
Added Member To Class: ClassName=28power Member=Component U2 TPS75733
Added Member To Class: ClassName=28power Member=Component U3 TPS76801
Added Member To Class: ClassName=28power Member=Component U4 TPS3823-33
