Added Component: Designator=C1(3216)
Add component. Clean all parameters for all variants
Added Component: Designator=C2(0805)
Add component. Clean all parameters for all variants
Added Component: Designator=C3(3216)
Add component. Clean all parameters for all variants
Added Component: Designator=C4(0805)
Add component. Clean all parameters for all variants
Added Component: Designator=C5(3216)
Add component. Clean all parameters for all variants
Added Component: Designator=C6(0805)
Add component. Clean all parameters for all variants
Added Component: Designator=C7(0805)
Add component. Clean all parameters for all variants
Added Component: Designator=C8(0805)
Add component. Clean all parameters for all variants
Added Component: Designator=C9(0805)
Add component. Clean all parameters for all variants
Added Component: Designator=C10(0805)
Add component. Clean all parameters for all variants
Added Component: Designator=C11(0805)
Add component. Clean all parameters for all variants
Added Component: Designator=C12(0805)
Add component. Clean all parameters for all variants
Added Component: Designator=C13(0805)
Add component. Clean all parameters for all variants
Added Component: Designator=C14(0805)
Add component. Clean all parameters for all variants
Added Component: Designator=C15(0805)
Add component. Clean all parameters for all variants
Added Component: Designator=C16(0805)
Add component. Clean all parameters for all variants
Added Component: Designator=C17(0805)
Add component. Clean all parameters for all variants
Added Component: Designator=C18(0805)
Add component. Clean all parameters for all variants
Added Component: Designator=C19(0805)
Add component. Clean all parameters for all variants
Added Component: Designator=C20(0805)
Add component. Clean all parameters for all variants
Added Component: Designator=C21(0805)
Add component. Clean all parameters for all variants
Added Component: Designator=C22(0805)
Add component. Clean all parameters for all variants
Added Component: Designator=C23(0805)
Add component. Clean all parameters for all variants
Added Component: Designator=C24(0805)
Add component. Clean all parameters for all variants
Added Component: Designator=C25(3216)
Add component. Clean all parameters for all variants
Added Component: Designator=C26(0805)
Add component. Clean all parameters for all variants
Added Component: Designator=C27(3216)
Add component. Clean all parameters for all variants
Added Component: Designator=C28(0805)
Add component. Clean all parameters for all variants
Added Component: Designator=C29(0805)
Add component. Clean all parameters for all variants
Added Component: Designator=C30(0805)
Add component. Clean all parameters for all variants
Added Component: Designator=C31(0805)
Add component. Clean all parameters for all variants
Added Component: Designator=C32(0805)
Add component. Clean all parameters for all variants
Added Component: Designator=C33(0805)
Add component. Clean all parameters for all variants
Added Component: Designator=C34(3216)
Add component. Clean all parameters for all variants
Added Component: Designator=C35(3216)
Add component. Clean all parameters for all variants
Added Component: Designator=C36(3216)
Add component. Clean all parameters for all variants
Added Component: Designator=C37(3216)
Add component. Clean all parameters for all variants
Added Component: Designator=C38(0805)
Add component. Clean all parameters for all variants
Added Component: Designator=C39(0805)
Add component. Clean all parameters for all variants
Added Component: Designator=C40(0805)
Add component. Clean all parameters for all variants
Added Component: Designator=C41(0805)
Add component. Clean all parameters for all variants
Added Component: Designator=C42(0805)
Add component. Clean all parameters for all variants
Added Component: Designator=C43(1206)
Add component. Clean all parameters for all variants
Added Component: Designator=C44(0805)
Add component. Clean all parameters for all variants
Added Component: Designator=C45(0805)
Add component. Clean all parameters for all variants
Added Component: Designator=C46(1206)
Add component. Clean all parameters for all variants
Added Component: Designator=C47(0805)
Add component. Clean all parameters for all variants
Added Component: Designator=C48(0805)
Add component. Clean all parameters for all variants
Added Component: Designator=C49(0805)
Add component. Clean all parameters for all variants
Added Component: Designator=C50(0805)
Add component. Clean all parameters for all variants
Added Component: Designator=C51(0805)
Add component. Clean all parameters for all variants
Added Component: Designator=C52(0805)
Add component. Clean all parameters for all variants
Added Component: Designator=C53(0805)
Add component. Clean all parameters for all variants
Added Component: Designator=C54(0805)
Add component. Clean all parameters for all variants
Added Component: Designator=C55(0805)
Add component. Clean all parameters for all variants
Added Component: Designator=C56(0805)
Add component. Clean all parameters for all variants
Added Component: Designator=C57(0805)
Add component. Clean all parameters for all variants
Added Component: Designator=C58(0805)
Add component. Clean all parameters for all variants
Added Component: Designator=D1(LEDSURFACE)
Add component. Clean all parameters for all variants
Added Component: Designator=D2(LEDSURFACE)
Add component. Clean all parameters for all variants
Added Component: Designator=D3(LEDSURFACE)
Add component. Clean all parameters for all variants
Added Component: Designator=J1(PART)
Add component. Clean all parameters for all variants
Added Component: Designator=J2(SIP3)
Add component. Clean all parameters for all variants
Added Component: Designator=J3(DB9/F)
Add component. Clean all parameters for all variants
Added Component: Designator=J4(DB9/F)
Add component. Clean all parameters for all variants
Added Component: Designator=J5(DB9/F)
Add component. Clean all parameters for all variants
Added Component: Designator=L1(0805)
Add component. Clean all parameters for all variants
Added Component: Designator=L2(0805)
Add component. Clean all parameters for all variants
Added Component: Designator=L3(0805)
Add component. Clean all parameters for all variants
Added Component: Designator=R1(0805)
Add component. Clean all parameters for all variants
Added Component: Designator=R2(0805)
Add component. Clean all parameters for all variants
Added Component: Designator=R3(0805)
Add component. Clean all parameters for all variants
Added Component: Designator=R4(0805)
Add component. Clean all parameters for all variants
Added Component: Designator=R5(0805)
Add component. Clean all parameters for all variants
Added Component: Designator=R6(0805)
Add component. Clean all parameters for all variants
Added Component: Designator=R7(0805)
Add component. Clean all parameters for all variants
Added Component: Designator=R8(0805)
Add component. Clean all parameters for all variants
Added Component: Designator=R9(0805)
Add component. Clean all parameters for all variants
Added Component: Designator=R10(0805)
Add component. Clean all parameters for all variants
Added Component: Designator=R11(0805)
Add component. Clean all parameters for all variants
Added Component: Designator=R12(0805)
Add component. Clean all parameters for all variants
Added Component: Designator=R13(0805)
Add component. Clean all parameters for all variants
Added Component: Designator=R14(0805)
Add component. Clean all parameters for all variants
Added Component: Designator=R15(0805)
Add component. Clean all parameters for all variants
Added Component: Designator=R16(0805)
Add component. Clean all parameters for all variants
Added Component: Designator=R17(0805)
Add component. Clean all parameters for all variants
Added Component: Designator=R18(0805)
Add component. Clean all parameters for all variants
Added Component: Designator=R19(0805)
Add component. Clean all parameters for all variants
Added Component: Designator=R20(0805)
Add component. Clean all parameters for all variants
Added Component: Designator=R21(0805)
Add component. Clean all parameters for all variants
Added Component: Designator=R22(0805)
Add component. Clean all parameters for all variants
Added Component: Designator=R23(0805)
Add component. Clean all parameters for all variants
Added Component: Designator=R24(0805)
Add component. Clean all parameters for all variants
Added Component: Designator=S1(KEYROUND)
Add component. Clean all parameters for all variants
Added Component: Designator=U1A(S-PQFP-G176)
Add component. Clean all parameters for all variants
Added Component: Designator=U1(S-PQFP-G176)
Add component. Clean all parameters for all variants
Added Component: Designator=U2(TO263)
Add component. Clean all parameters for all variants
Added Component: Designator=U3(SO-8)
Add component. Clean all parameters for all variants
Added Component: Designator=U4(SOT23-5)
Add component. Clean all parameters for all variants
Added Component: Designator=U5(DSPJTAG1)
Add component. Clean all parameters for all variants
Added Component: Designator=U6(TSOP44)
Add component. Clean all parameters for all variants
Added Component: Designator=U7(SO-16)
Add component. Clean all parameters for all variants
Added Component: Designator=U8(TQFP48)
Add component. Clean all parameters for all variants
Added Component: Designator=Y1(CRYSTAL1)
Add component. Clean all parameters for all variants
Added Pin To Net: NetName=+3.3V Pin=C1-1
Added Pin To Net: NetName=GND Pin=C1-2
Added Pin To Net: NetName=+3.3V Pin=C2-1
Added Pin To Net: NetName=GND Pin=C2-2
Added Pin To Net: NetName=+1.9V Pin=C3-1
Added Pin To Net: NetName=GND Pin=C3-2
Added Pin To Net: NetName=+1.9V Pin=C4-1
Added Pin To Net: NetName=GND Pin=C4-2
Added Pin To Net: NetName=+5V Pin=C5-1
Added Pin To Net: NetName=GND Pin=C5-2
Added Pin To Net: NetName=+5V Pin=C6-1
Added Pin To Net: NetName=GND Pin=C6-2
Added Pin To Net: NetName=+1.9V Pin=C7-1
Added Pin To Net: NetName=GND Pin=C7-2
Added Pin To Net: NetName=+1.9V Pin=C8-1
Added Pin To Net: NetName=GND Pin=C8-2
Added Pin To Net: NetName=+1.9V Pin=C9-1
Added Pin To Net: NetName=GND Pin=C9-2
Added Pin To Net: NetName=+1.9V Pin=C10-1
Added Pin To Net: NetName=GND Pin=C10-2
Added Pin To Net: NetName=+1.9V Pin=C11-1
Added Pin To Net: NetName=GND Pin=C11-2
Added Pin To Net: NetName=+1.9V Pin=C12-1
Added Pin To Net: NetName=GND Pin=C12-2
Added Pin To Net: NetName=+1.9V Pin=C13-1
Added Pin To Net: NetName=GND Pin=C13-2
Added Pin To Net: NetName=+1.9V Pin=C14-1
Added Pin To Net: NetName=GND Pin=C14-2
Added Pin To Net: NetName=+1.9V Pin=C15-1
Added Pin To Net: NetName=GND Pin=C15-2
Added Pin To Net: NetName=+3.3V Pin=C16-1
Added Pin To Net: NetName=GND Pin=C16-2
Added Pin To Net: NetName=+3.3V Pin=C17-1
Added Pin To Net: NetName=GND Pin=C17-2
Added Pin To Net: NetName=+3.3V Pin=C18-1
Added Pin To Net: NetName=GND Pin=C18-2
Added Pin To Net: NetName=+3.3V Pin=C19-1
Added Pin To Net: NetName=GND Pin=C19-2
Added Pin To Net: NetName=+3.3V Pin=C20-1
Added Pin To Net: NetName=GND Pin=C20-2
Added Pin To Net: NetName=+3.3V Pin=C21-1
Added Pin To Net: NetName=GND Pin=C21-2
Added Pin To Net: NetName=+3.3V Pin=C22-1
Added Pin To Net: NetName=GND Pin=C22-2
Added Pin To Net: NetName=+5V Pin=C23-1
Added Pin To Net: NetName=GND Pin=C23-2
Added Pin To Net: NetName=+5V Pin=C24-1
Added Pin To Net: NetName=GND Pin=C24-2
Added Pin To Net: NetName=+3.3VA Pin=C25-1
Added Pin To Net: NetName=AGND Pin=C25-2
Added Pin To Net: NetName=+3.3VA Pin=C26-1
Added Pin To Net: NetName=AGND Pin=C26-2
Added Pin To Net: NetName=+5V Pin=C27-1
Added Pin To Net: NetName=AGND Pin=C27-2
Added Pin To Net: NetName=+5V Pin=C28-1
Added Pin To Net: NetName=AGND Pin=C28-2
Added Pin To Net: NetName=GND Pin=C29-2
Added Pin To Net: NetName=GND Pin=C30-2
Added Pin To Net: NetName=+5V Pin=C31-1
Added Pin To Net: NetName=GND Pin=C31-2
Added Pin To Net: NetName=+3.3V Pin=C32-1
Added Pin To Net: NetName=GND Pin=C32-2
Added Pin To Net: NetName=GND Pin=C33-1
Added Pin To Net: NetName=+3.3V Pin=C33-2
Added Pin To Net: NetName=GND Pin=C34-2
Added Pin To Net: NetName=GND Pin=C35-1
Added Pin To Net: NetName=AGND Pin=C38-1
Added Pin To Net: NetName=AGND Pin=C39-1
Added Pin To Net: NetName=AGND Pin=C40-1
Added Pin To Net: NetName=AGND Pin=C41-1
Added Pin To Net: NetName=AGND Pin=C44-2
Added Pin To Net: NetName=AGND Pin=C45-2
Added Pin To Net: NetName=AGND Pin=C46-2
Added Pin To Net: NetName=AGND Pin=C47-2
Added Pin To Net: NetName=+3.3V Pin=C48-1
Added Pin To Net: NetName=GND Pin=C48-2
Added Pin To Net: NetName=AGND Pin=C49-2
Added Pin To Net: NetName=AGND Pin=C50-2
Added Pin To Net: NetName=AGND Pin=C51-2
Added Pin To Net: NetName=AGND Pin=C52-2
Added Pin To Net: NetName=AGND Pin=C53-2
Added Pin To Net: NetName=AGND Pin=C54-2
Added Pin To Net: NetName=AGND Pin=C55-2
Added Pin To Net: NetName=AGND Pin=C56-2
Added Pin To Net: NetName=GND Pin=C57-2
Added Pin To Net: NetName=GND Pin=C58-2
Added Pin To Net: NetName=+5V Pin=D1-A
Added Pin To Net: NetName=NetD1_K Pin=D1-K
Added Pin To Net: NetName=+3.3V Pin=D2-A
Added Pin To Net: NetName=NetD2_K Pin=D2-K
Added Pin To Net: NetName=+1.9V Pin=D3-A
Added Pin To Net: NetName=NetD3_K Pin=D3-K
Added Pin To Net: NetName=GND Pin=J1-1
Added Pin To Net: NetName=+5V Pin=J1-2
Added Pin To Net: NetName=GND Pin=J2-3
Added Pin To Net: NetName=AGND Pin=J3-9
Added Pin To Net: NetName=AGND Pin=J4-9
Added Pin To Net: NetName=GND Pin=J5-5
Added Pin To Net: NetName=+3.3V Pin=L1-1
Added Pin To Net: NetName=+3.3VA Pin=L1-2
Added Pin To Net: NetName=GND Pin=L2-1
Added Pin To Net: NetName=AGND Pin=L2-2
Added Pin To Net: NetName=+5V Pin=L3-1
Added Pin To Net: NetName=+5V Pin=L3-2
Added Pin To Net: NetName=NetR1_1 Pin=R1-1
Added Pin To Net: NetName=+3.3V Pin=R1-2
Added Pin To Net: NetName=NetR2_1 Pin=R2-1
Added Pin To Net: NetName=GND Pin=R2-2
Added Pin To Net: NetName=NetR2_1 Pin=R3-1
Added Pin To Net: NetName=+1.9V Pin=R3-2
Added Pin To Net: NetName=GND Pin=R4-1
Added Pin To Net: NetName=NetD1_K Pin=R4-2
Added Pin To Net: NetName=GND Pin=R5-1
Added Pin To Net: NetName=NetD2_K Pin=R5-2
Added Pin To Net: NetName=GND Pin=R6-1
Added Pin To Net: NetName=NetD3_K Pin=R6-2
Added Pin To Net: NetName=+3.3V Pin=R7-2
Added Pin To Net: NetName=+3.3V Pin=R8-1
Added Pin To Net: NetName=+3.3V Pin=R9-1
Added Pin To Net: NetName=+3.3V Pin=R10-2
Added Pin To Net: NetName=+3.3V Pin=R11-2
Added Pin To Net: NetName=+3.3V Pin=R20-2
Added Pin To Net: NetName=+3.3V Pin=R21-2
Added Pin To Net: NetName=+3.3V Pin=R22-2
Added Pin To Net: NetName=+3.3V Pin=R23-2
Added Pin To Net: NetName=GND Pin=R24-2
Added Pin To Net: NetName=GND Pin=S1-1
Added Pin To Net: NetName=NetS1_2 Pin=S1-2
Added Pin To Net: NetName=+3.3VA Pin=U1-1
Added Pin To Net: NetName=AGND Pin=U1-2
Added Pin To Net: NetName=AGND Pin=U1-3
Added Pin To Net: NetName=AGND Pin=U1-4
Added Pin To Net: NetName=AGND Pin=U1-5
Added Pin To Net: NetName=AGND Pin=U1-6
Added Pin To Net: NetName=AGND Pin=U1-7
Added Pin To Net: NetName=AGND Pin=U1-8
Added Pin To Net: NetName=AGND Pin=U1-9
Added Pin To Net: NetName=AGND Pin=U1-12
Added Pin To Net: NetName=+3.3VA Pin=U1-13
Added Pin To Net: NetName=+3.3VA Pin=U1-14
Added Pin To Net: NetName=AGND Pin=U1-15
Added Pin To Net: NetName=GND Pin=U1-19
Added Pin To Net: NetName=+1.9V Pin=U1-23
Added Pin To Net: NetName=+3.3V Pin=U1-31
Added Pin To Net: NetName=GND Pin=U1-32
Added Pin To Net: NetName=+1.9V Pin=U1-37
Added Pin To Net: NetName=GND Pin=U1-38
Added Pin To Net: NetName=GND Pin=U1-52
Added Pin To Net: NetName=+1.9V Pin=U1-56
Added Pin To Net: NetName=GND Pin=U1-58
Added Pin To Net: NetName=+3.3V Pin=U1-64
Added Pin To Net: NetName=+3.3V Pin=U1-69
Added Pin To Net: NetName=GND Pin=U1-70
Added Pin To Net: NetName=+1.9V Pin=U1-75
Added Pin To Net: NetName=GND Pin=U1-78
Added Pin To Net: NetName=+3.3V Pin=U1-81
Added Pin To Net: NetName=GND Pin=U1-86
Added Pin To Net: NetName=GND Pin=U1-99
Added Pin To Net: NetName=+1.9V Pin=U1-100
Added Pin To Net: NetName=GND Pin=U1-105
Added Pin To Net: NetName=+1.9V Pin=U1-112
Added Pin To Net: NetName=GND Pin=U1-113
Added Pin To Net: NetName=+3.3V Pin=U1-114
Added Pin To Net: NetName=GND Pin=U1-120
Added Pin To Net: NetName=+1.9V Pin=U1-128
Added Pin To Net: NetName=GND Pin=U1-129
Added Pin To Net: NetName=GND Pin=U1-142
Added Pin To Net: NetName=+1.9V Pin=U1-143
Added Pin To Net: NetName=+3.3V Pin=U1-145
Added Pin To Net: NetName=GND Pin=U1-153
Added Pin To Net: NetName=+1.9V Pin=U1-154
Added Pin To Net: NetName=+1.9V Pin=U1-162
Added Pin To Net: NetName=GND Pin=U1-163
Added Pin To Net: NetName=AGND Pin=U1-165
Added Pin To Net: NetName=+3.3VA Pin=U1-166
Added Pin To Net: NetName=AGND Pin=U1-175
Added Pin To Net: NetName=AGND Pin=U1-176
Added Pin To Net: NetName=GND Pin=U1A-134
Added Pin To Net: NetName=\RESET Pin=U1A-160
Added Pin To Net: NetName=GND Pin=U2-1
Added Pin To Net: NetName=+5V Pin=U2-2
Added Pin To Net: NetName=GND Pin=U2-3
Added Pin To Net: NetName=+3.3V Pin=U2-4
Added Pin To Net: NetName=NetR1_1 Pin=U2-5
Added Pin To Net: NetName=GND Pin=U3-1
Added Pin To Net: NetName=NetR1_1 Pin=U3-2
Added Pin To Net: NetName=+5V Pin=U3-3
Added Pin To Net: NetName=+5V Pin=U3-4
Added Pin To Net: NetName=+1.9V Pin=U3-5
Added Pin To Net: NetName=+1.9V Pin=U3-6
Added Pin To Net: NetName=NetR2_1 Pin=U3-7
Added Pin To Net: NetName=GND Pin=U4-2
Added Pin To Net: NetName=NetS1_2 Pin=U4-3
Added Pin To Net: NetName=+3.3V Pin=U4-5
Added Pin To Net: NetName=GND Pin=U5-4
Added Pin To Net: NetName=+5V Pin=U5-5
Added Pin To Net: NetName=GND Pin=U5-8
Added Pin To Net: NetName=GND Pin=U5-10
Added Pin To Net: NetName=GND Pin=U5-12
Added Pin To Net: NetName=+3.3V Pin=U6-11
Added Pin To Net: NetName=GND Pin=U6-12
Added Pin To Net: NetName=+3.3V Pin=U6-33
Added Pin To Net: NetName=GND Pin=U6-34
Added Pin To Net: NetName=GND Pin=U6-39
Added Pin To Net: NetName=GND Pin=U6-40
Added Pin To Net: NetName=GND Pin=U7-15
Added Pin To Net: NetName=+3.3V Pin=U7-16
Added Pin To Net: NetName=AGND Pin=U8-2
Added Pin To Net: NetName=AGND Pin=U8-3
Added Pin To Net: NetName=AGND Pin=U8-6
Added Pin To Net: NetName=AGND Pin=U8-14
Added Pin To Net: NetName=AGND Pin=U8-16
Added Pin To Net: NetName=AGND Pin=U8-23
Added Pin To Net: NetName=+3.3V Pin=U8-38
Added Pin To Net: NetName=GND Pin=U8-39
Added Pin To Net: NetName=GND Pin=U8-46
Added Pin To Net: NetName=GND Pin=U8-47
Added Pin To Net: NetName=+3.3V Pin=U8-48
Added Pin To Net: NetName=\CS2 Pin=U1A-88
Added Pin To Net: NetName=\CS2 Pin=U6-6
Added Net: Name=\CS2
Added Pin To Net: NetName=\RD Pin=U1A-42
Added Pin To Net: NetName=\RD Pin=U6-41
Added Net: Name=\RD
Added Pin To Net: NetName=\TRST Pin=U1A-135
Added Pin To Net: NetName=\TRST Pin=U5-2
Added Net: Name=\TRST
Added Pin To Net: NetName=\WE Pin=U1A-84
Added Pin To Net: NetName=\WE Pin=U6-17
Added Net: Name=\WE
Added Pin To Net: NetName=\XHOLD Pin=R11-1
Added Pin To Net: NetName=\XHOLD Pin=U1A-159
Added Net: Name=\XHOLD
Added Pin To Net: NetName=A0 Pin=U1A-18
Added Pin To Net: NetName=A0 Pin=U6-1
Added Net: Name=A0
Added Pin To Net: NetName=A1 Pin=U1A-43
Added Pin To Net: NetName=A1 Pin=U6-2
Added Net: Name=A1
Added Pin To Net: NetName=A2 Pin=U1A-80
Added Pin To Net: NetName=A2 Pin=U6-3
Added Net: Name=A2
Added Pin To Net: NetName=A3 Pin=U1A-85
Added Pin To Net: NetName=A3 Pin=U6-4
Added Net: Name=A3
Added Pin To Net: NetName=A4 Pin=U1A-103
Added Pin To Net: NetName=A4 Pin=U6-5
Added Net: Name=A4
Added Pin To Net: NetName=A5 Pin=U1A-108
Added Pin To Net: NetName=A5 Pin=U6-18
Added Net: Name=A5
Added Pin To Net: NetName=A6 Pin=U1A-111
Added Pin To Net: NetName=A6 Pin=U6-19
Added Net: Name=A6
Added Pin To Net: NetName=A7 Pin=U1A-118
Added Pin To Net: NetName=A7 Pin=U6-20
Added Net: Name=A7
Added Pin To Net: NetName=A8 Pin=U1A-121
Added Pin To Net: NetName=A8 Pin=U6-21
Added Net: Name=A8
Added Pin To Net: NetName=A9 Pin=U1A-125
Added Pin To Net: NetName=A9 Pin=U6-22
Added Net: Name=A9
Added Pin To Net: NetName=A10 Pin=U1A-130
Added Pin To Net: NetName=A10 Pin=U6-23
Added Net: Name=A10
Added Pin To Net: NetName=A11 Pin=U1A-132
Added Pin To Net: NetName=A11 Pin=U6-24
Added Net: Name=A11
Added Pin To Net: NetName=A12 Pin=U1A-138
Added Pin To Net: NetName=A12 Pin=U6-25
Added Net: Name=A12
Added Pin To Net: NetName=A13 Pin=U1A-141
Added Pin To Net: NetName=A13 Pin=U6-26
Added Net: Name=A13
Added Pin To Net: NetName=A14 Pin=U1A-144
Added Pin To Net: NetName=A14 Pin=U6-27
Added Net: Name=A14
Added Pin To Net: NetName=A15 Pin=U1A-148
Added Pin To Net: NetName=A15 Pin=U6-42
Added Net: Name=A15
Added Pin To Net: NetName=A16 Pin=U1A-152
Added Pin To Net: NetName=A16 Pin=U6-43
Added Net: Name=A16
Added Pin To Net: NetName=A17 Pin=U1A-156
Added Pin To Net: NetName=A17 Pin=U6-44
Added Net: Name=A17
Added Pin To Net: NetName=A18 Pin=U1A-158
Added Pin To Net: NetName=A18 Pin=U6-28
Added Net: Name=A18
Added Pin To Net: NetName=AD_COV Pin=U1-102
Added Pin To Net: NetName=AD_COV Pin=U8-45
Added Net: Name=AD_COV
Added Pin To Net: NetName=AD_CS Pin=U1-22
Added Pin To Net: NetName=AD_CS Pin=U8-44
Added Net: Name=AD_CS
Added Pin To Net: NetName=AD_D0 Pin=U1-45
Added Pin To Net: NetName=AD_D0 Pin=U8-24
Added Net: Name=AD_D0
Added Pin To Net: NetName=AD_D1 Pin=U1-46
Added Pin To Net: NetName=AD_D1 Pin=U8-25
Added Net: Name=AD_D1
Added Pin To Net: NetName=AD_D2 Pin=U1-47
Added Pin To Net: NetName=AD_D2 Pin=U8-26
Added Net: Name=AD_D2
Added Pin To Net: NetName=AD_D3 Pin=U1-48
Added Pin To Net: NetName=AD_D3 Pin=U8-27
Added Net: Name=AD_D3
Added Pin To Net: NetName=AD_D4 Pin=U1-49
Added Pin To Net: NetName=AD_D4 Pin=U8-28
Added Net: Name=AD_D4
Added Pin To Net: NetName=AD_D5 Pin=U1-50
Added Pin To Net: NetName=AD_D5 Pin=U8-29
Added Net: Name=AD_D5
Added Pin To Net: NetName=AD_D6 Pin=U1-53
Added Pin To Net: NetName=AD_D6 Pin=U8-30
Added Net: Name=AD_D6
Added Pin To Net: NetName=AD_D7 Pin=U1-55
Added Pin To Net: NetName=AD_D7 Pin=U8-31
Added Net: Name=AD_D7
Added Pin To Net: NetName=AD_D8 Pin=U1-57
Added Pin To Net: NetName=AD_D8 Pin=U8-32
Added Net: Name=AD_D8
Added Pin To Net: NetName=AD_D9 Pin=U1-59
Added Pin To Net: NetName=AD_D9 Pin=U8-33
Added Net: Name=AD_D9
Added Pin To Net: NetName=AD_D10 Pin=U1-60
Added Pin To Net: NetName=AD_D10 Pin=U8-34
Added Net: Name=AD_D10
Added Pin To Net: NetName=AD_D11 Pin=U1-71
Added Pin To Net: NetName=AD_D11 Pin=U8-35
Added Net: Name=AD_D11
Added Pin To Net: NetName=AD_D12 Pin=U1-72
Added Pin To Net: NetName=AD_D12 Pin=U8-36
Added Net: Name=AD_D12
Added Pin To Net: NetName=AD_D13 Pin=U1-61
Added Pin To Net: NetName=AD_D13 Pin=U8-37
Added Net: Name=AD_D13
Added Pin To Net: NetName=AD_EOLC Pin=R23-1
Added Pin To Net: NetName=AD_EOLC Pin=U1-149
Added Pin To Net: NetName=AD_EOLC Pin=U8-41
Added Net: Name=AD_EOLC
Added Pin To Net: NetName=AD_RD Pin=U1-26
Added Pin To Net: NetName=AD_RD Pin=U8-42
Added Net: Name=AD_RD
Added Pin To Net: NetName=AD_WR Pin=U1-25
Added Pin To Net: NetName=AD_WR Pin=U8-43
Added Net: Name=AD_WR
Added Pin To Net: NetName=CH0 Pin=J3-1
Added Pin To Net: NetName=CH0 Pin=J4-1
Added Pin To Net: NetName=CH0 Pin=R12-1
Added Pin To Net: NetName=CH0 Pin=U1-174
Added Net: Name=CH0
Added Pin To Net: NetName=CH1 Pin=J3-2
Added Pin To Net: NetName=CH1 Pin=J4-2
Added Pin To Net: NetName=CH1 Pin=R13-1
Added Pin To Net: NetName=CH1 Pin=U1-173
Added Net: Name=CH1
Added Pin To Net: NetName=CH2 Pin=J3-3
Added Pin To Net: NetName=CH2 Pin=J4-3
Added Pin To Net: NetName=CH2 Pin=R14-1
Added Pin To Net: NetName=CH2 Pin=U1-172
Added Net: Name=CH2
Added Pin To Net: NetName=CH3 Pin=J3-4
Added Pin To Net: NetName=CH3 Pin=J4-4
Added Pin To Net: NetName=CH3 Pin=R15-1
Added Pin To Net: NetName=CH3 Pin=U1-171
Added Net: Name=CH3
Added Pin To Net: NetName=CH4 Pin=J3-5
Added Pin To Net: NetName=CH4 Pin=J4-5
Added Pin To Net: NetName=CH4 Pin=R16-1
Added Pin To Net: NetName=CH4 Pin=U1-170
Added Net: Name=CH4
Added Pin To Net: NetName=CH5 Pin=J3-6
Added Pin To Net: NetName=CH5 Pin=J4-6
Added Pin To Net: NetName=CH5 Pin=R17-1
Added Pin To Net: NetName=CH5 Pin=U1-169
Added Net: Name=CH5
Added Pin To Net: NetName=CH6 Pin=J3-7
Added Pin To Net: NetName=CH6 Pin=J4-7
Added Pin To Net: NetName=CH6 Pin=R18-1
Added Pin To Net: NetName=CH6 Pin=U1-168
Added Net: Name=CH6
Added Pin To Net: NetName=CH7 Pin=J3-8
Added Pin To Net: NetName=CH7 Pin=J4-8
Added Pin To Net: NetName=CH7 Pin=R19-1
Added Pin To Net: NetName=CH7 Pin=U1-167
Added Net: Name=CH7
Added Pin To Net: NetName=D0 Pin=U1A-21
Added Pin To Net: NetName=D0 Pin=U6-7
Added Net: Name=D0
Added Pin To Net: NetName=D1 Pin=U1A-24
Added Pin To Net: NetName=D1 Pin=U6-8
Added Net: Name=D1
Added Pin To Net: NetName=D2 Pin=U1A-27
Added Pin To Net: NetName=D2 Pin=U6-9
Added Net: Name=D2
Added Pin To Net: NetName=D3 Pin=U1A-30
Added Pin To Net: NetName=D3 Pin=U6-10
Added Net: Name=D3
Added Pin To Net: NetName=D4 Pin=U1A-33
Added Pin To Net: NetName=D4 Pin=U6-13
Added Net: Name=D4
Added Pin To Net: NetName=D5 Pin=U1A-36
Added Pin To Net: NetName=D5 Pin=U6-14
Added Net: Name=D5
Added Pin To Net: NetName=D6 Pin=U1A-39
Added Pin To Net: NetName=D6 Pin=U6-15
Added Net: Name=D6
Added Pin To Net: NetName=D7 Pin=U1A-54
Added Pin To Net: NetName=D7 Pin=U6-16
Added Net: Name=D7
Added Pin To Net: NetName=D8 Pin=U1A-65
Added Pin To Net: NetName=D8 Pin=U6-29
Added Net: Name=D8
Added Pin To Net: NetName=D9 Pin=U1A-68
Added Pin To Net: NetName=D9 Pin=U6-30
Added Net: Name=D9
Added Pin To Net: NetName=D10 Pin=U1A-73
Added Pin To Net: NetName=D10 Pin=U6-31
Added Net: Name=D10
Added Pin To Net: NetName=D11 Pin=U1A-74
Added Pin To Net: NetName=D11 Pin=U6-32
Added Net: Name=D11
Added Pin To Net: NetName=D12 Pin=U1A-96
Added Pin To Net: NetName=D12 Pin=U6-35
Added Net: Name=D12
Added Pin To Net: NetName=D13 Pin=U1A-97
Added Pin To Net: NetName=D13 Pin=U6-36
Added Net: Name=D13
Added Pin To Net: NetName=D14 Pin=U1A-139
Added Pin To Net: NetName=D14 Pin=U6-37
Added Net: Name=D14
Added Pin To Net: NetName=D15 Pin=U1A-147
Added Pin To Net: NetName=D15 Pin=U6-38
Added Net: Name=D15
Added Pin To Net: NetName=EMU0 Pin=R8-2
Added Pin To Net: NetName=EMU0 Pin=U1A-137
Added Pin To Net: NetName=EMU0 Pin=U5-13
Added Net: Name=EMU0
Added Pin To Net: NetName=EMU1 Pin=R9-2
Added Pin To Net: NetName=EMU1 Pin=U1A-146
Added Pin To Net: NetName=EMU1 Pin=U5-14
Added Net: Name=EMU1
Added Pin To Net: NetName=JNT2 Pin=R22-1
Added Pin To Net: NetName=JNT2 Pin=U1-151
Added Net: Name=JNT2
Added Pin To Net: NetName=JNT13 Pin=R21-1
Added Pin To Net: NetName=JNT13 Pin=U1-150
Added Net: Name=JNT13
Added Pin To Net: NetName=NetC29_1 Pin=C29-1
Added Pin To Net: NetName=NetC29_1 Pin=U1A-76
Added Pin To Net: NetName=NetC29_1 Pin=Y1-1
Added Net: Name=NetC29_1
Added Pin To Net: NetName=NetC30_1 Pin=C30-1
Added Pin To Net: NetName=NetC30_1 Pin=U1A-77
Added Pin To Net: NetName=NetC30_1 Pin=Y1-2
Added Net: Name=NetC30_1
Added Pin To Net: NetName=NetC34_1 Pin=C34-1
Added Pin To Net: NetName=NetC34_1 Pin=U7-2
Added Net: Name=NetC34_1
Added Pin To Net: NetName=NetC35_2 Pin=C35-2
Added Pin To Net: NetName=NetC35_2 Pin=U7-6
Added Net: Name=NetC35_2
Added Pin To Net: NetName=NetC36_1 Pin=C36-1
Added Pin To Net: NetName=NetC36_1 Pin=U7-1
Added Net: Name=NetC36_1
Added Pin To Net: NetName=NetC36_2 Pin=C36-2
Added Pin To Net: NetName=NetC36_2 Pin=U7-3
Added Net: Name=NetC36_2
Added Pin To Net: NetName=NetC37_1 Pin=C37-1
Added Pin To Net: NetName=NetC37_1 Pin=U7-5
Added Net: Name=NetC37_1
Added Pin To Net: NetName=NetC37_2 Pin=C37-2
Added Pin To Net: NetName=NetC37_2 Pin=U7-11
Added Net: Name=NetC37_2
Added Pin To Net: NetName=NetC38_2 Pin=C38-2
Added Pin To Net: NetName=NetC38_2 Pin=C39-2
Added Pin To Net: NetName=NetC38_2 Pin=C40-2
Added Pin To Net: NetName=NetC38_2 Pin=U8-1
Added Pin To Net: NetName=NetC38_2 Pin=U8-13
Added Pin To Net: NetName=NetC38_2 Pin=U8-15
Added Pin To Net: NetName=NetC38_2 Pin=U8-17
Added Net: Name=NetC38_2
Added Pin To Net: NetName=NetC41_2 Pin=C41-2
Added Pin To Net: NetName=NetC41_2 Pin=U8-18
Added Pin To Net: NetName=NetC41_2 Pin=U8-19
Added Net: Name=NetC41_2
Added Pin To Net: NetName=NetC42_1 Pin=C42-1
Added Pin To Net: NetName=NetC42_1 Pin=C43-2
Added Pin To Net: NetName=NetC42_1 Pin=C45-1
Added Pin To Net: NetName=NetC42_1 Pin=U8-22
Added Net: Name=NetC42_1
Added Pin To Net: NetName=NetC42_2 Pin=C42-2
Added Pin To Net: NetName=NetC42_2 Pin=C43-1
Added Pin To Net: NetName=NetC42_2 Pin=C44-1
Added Pin To Net: NetName=NetC42_2 Pin=U8-20
Added Net: Name=NetC42_2
Added Pin To Net: NetName=NetC46_1 Pin=C46-1
Added Pin To Net: NetName=NetC46_1 Pin=C47-1
Added Pin To Net: NetName=NetC46_1 Pin=U8-21
Added Net: Name=NetC46_1
Added Pin To Net: NetName=NetC49_1 Pin=C49-1
Added Pin To Net: NetName=NetC49_1 Pin=R12-2
Added Pin To Net: NetName=NetC49_1 Pin=U8-4
Added Net: Name=NetC49_1
Added Pin To Net: NetName=NetC50_1 Pin=C50-1
Added Pin To Net: NetName=NetC50_1 Pin=R13-2
Added Pin To Net: NetName=NetC50_1 Pin=U8-5
Added Net: Name=NetC50_1
Added Pin To Net: NetName=NetC51_1 Pin=C51-1
Added Pin To Net: NetName=NetC51_1 Pin=R14-2
Added Pin To Net: NetName=NetC51_1 Pin=U8-7
Added Net: Name=NetC51_1
Added Pin To Net: NetName=NetC52_1 Pin=C52-1
Added Pin To Net: NetName=NetC52_1 Pin=R15-2
Added Pin To Net: NetName=NetC52_1 Pin=U8-8
Added Net: Name=NetC52_1
Added Pin To Net: NetName=NetC53_1 Pin=C53-1
Added Pin To Net: NetName=NetC53_1 Pin=R16-2
Added Pin To Net: NetName=NetC53_1 Pin=U8-9
Added Net: Name=NetC53_1
Added Pin To Net: NetName=NetC54_1 Pin=C54-1
Added Pin To Net: NetName=NetC54_1 Pin=R17-2
Added Pin To Net: NetName=NetC54_1 Pin=U8-10
Added Net: Name=NetC54_1
Added Pin To Net: NetName=NetC55_1 Pin=C55-1
Added Pin To Net: NetName=NetC55_1 Pin=R18-2
Added Pin To Net: NetName=NetC55_1 Pin=U8-11
Added Net: Name=NetC55_1
Added Pin To Net: NetName=NetC56_1 Pin=C56-1
Added Pin To Net: NetName=NetC56_1 Pin=R19-2
Added Pin To Net: NetName=NetC56_1 Pin=U8-12
Added Net: Name=NetC56_1
Added Pin To Net: NetName=NetC57_1 Pin=C57-1
Added Pin To Net: NetName=NetC57_1 Pin=U1-11
Added Net: Name=NetC57_1
Added Pin To Net: NetName=NetC58_1 Pin=C58-1
Added Pin To Net: NetName=NetC58_1 Pin=U1-10
Added Net: Name=NetC58_1
Added Pin To Net: NetName=NetJ2_1 Pin=J2-1
Added Pin To Net: NetName=NetJ2_1 Pin=R7-1
Added Net: Name=NetJ2_1
Added Pin To Net: NetName=NetJ2_2 Pin=J2-2
Added Pin To Net: NetName=NetJ2_2 Pin=U1A-17
Added Net: Name=NetJ2_2
Added Pin To Net: NetName=NetR24_1 Pin=R24-1
Added Pin To Net: NetName=NetR24_1 Pin=U1-16
Added Net: Name=NetR24_1
Added Pin To Net: NetName=RIN Pin=J5-2
Added Pin To Net: NetName=RIN Pin=U7-8
Added Net: Name=RIN
Added Pin To Net: NetName=ROUT Pin=U1-157
Added Pin To Net: NetName=ROUT Pin=U7-9
Added Net: Name=ROUT
Added Pin To Net: NetName=TCK Pin=U1A-136
Added Pin To Net: NetName=TCK Pin=U5-9
Added Pin To Net: NetName=TCK Pin=U5-11
Added Net: Name=TCK
Added Pin To Net: NetName=TDI Pin=U1A-131
Added Pin To Net: NetName=TDI Pin=U5-3
Added Net: Name=TDI
Added Pin To Net: NetName=TDO Pin=U1A-127
Added Pin To Net: NetName=TDO Pin=U5-7
Added Net: Name=TDO
Added Pin To Net: NetName=TIN Pin=U1-155
Added Pin To Net: NetName=TIN Pin=U7-10
Added Net: Name=TIN
Added Pin To Net: NetName=TMS Pin=U1A-126
Added Pin To Net: NetName=TMS Pin=U5-1
Added Net: Name=TMS
Added Pin To Net: NetName=TOUT Pin=J5-3
Added Pin To Net: NetName=TOUT Pin=U7-7
Added Net: Name=TOUT
Added Pin To Net: NetName=XF_X\P\L\L\D\I\S\ Pin=R20-1
Added Pin To Net: NetName=XF_X\P\L\L\D\I\S\ Pin=U1-20
Added Net: Name=XF_X\P\L\L\D\I\S\
Added Pin To Net: NetName=XREADY Pin=R10-1
Added Pin To Net: NetName=XREADY Pin=U1A-161
Added Net: Name=XREADY
Added Class: Name=AD and UART
Added Class: Name=DST and Memory
Added Member To Class: ClassName=28power Member=Component C1 47uF
Added Member To Class: ClassName=28power Member=Component C2 0.1uF
Added Member To Class: ClassName=28power Member=Component C3 47uF
Added Member To Class: ClassName=28power Member=Component C4 0.1uF
Added Member To Class: ClassName=28power Member=Component C5 47uF
Added Member To Class: ClassName=28power Member=Component C6 0.1uF
Added Member To Class: ClassName=28power Member=Component C7 0.1uF
Added Member To Class: ClassName=28power Member=Component C8 0.1uF
Added Member To Class: ClassName=28power Member=Component C9 0.1uF
Added Member To Class: ClassName=28power Member=Component C10 0.1uF
Added Member To Class: ClassName=28power Member=Component C11 0.1uF
Added Member To Class: ClassName=28power Member=Component C12 0.1uF
Added Member To Class: ClassName=28power Member=Component C13 0.1uF
Added Member To Class: ClassName=28power Member=Component C14 0.1uF
Added Member To Class: ClassName=28power Member=Component C15 0.1uF
Added Member To Class: ClassName=28power Member=Component C16 0.1uF
Added Member To Class: ClassName=28power Member=Component C17 0.1uF
Added Member To Class: ClassName=28power Member=Component C18 0.1uF
Added Member To Class: ClassName=28power Member=Component C19 0.1uF
Added Member To Class: ClassName=28power Member=Component C20 0.1uF
Added Member To Class: ClassName=28power Member=Component C21 0.1uF
Added Member To Class: ClassName=28power Member=Component C22 0.1uF
Added Member To Class: ClassName=28power Member=Component C23 0.1uF
Added Member To Class: ClassName=28power Member=Component C24 0.1uF
Added Member To Class: ClassName=28power Member=Component C25 47uF
Added Member To Class: ClassName=28power Member=Component C26 0.1uF
Added Member To Class: ClassName=28power Member=Component C27 47uF
Added Member To Class: ClassName=28power Member=Component C28 0.1uF
Added Member To Class: ClassName=28power Member=Component D1 LED
Added Member To Class: ClassName=28power Member=Component D2 LED
Added Member To Class: ClassName=28power Member=Component D3 LED
Added Member To Class: ClassName=28power Member=Component J1 CON2
Added Member To Class: ClassName=28power Member=Component L1 INDUCTOR
Added Member To Class: ClassName=28power Member=Component L2 INDUCTOR
Added Member To Class: ClassName=28power Member=Component L3 INDUCTOR
Added Member To Class: ClassName=28power Member=Component R1 4K7
Added Member To Class: ClassName=28power Member=Component R2 30K1
Added Member To Class: ClassName=28power Member=Component R3 18K2
Added Member To Class: ClassName=28power Member=Component R4 100
Added Member To Class: ClassName=28power Member=Component R5 100
Added Member To Class: ClassName=28power Member=Component R6 100
Added Member To Class: ClassName=28power Member=Component S1 SW-PB
Added Member To Class: ClassName=28power Member=Component U2 TPS75733
Added Member To Class: ClassName=28power Member=Component U3 TPS76801
Added Member To Class: ClassName=28power Member=Component U4 TPS3823-33
Added Room: Name=28power
Added Room: Name=AD and UART
Added Room: Name=DST and Memory
