Added Component: Designator=J1(HDR1X2)
Add component. Clean all parameters for all variants
Add component (AddParameter): Name = "LatestRevisionDate"; Value = "17-Jul-2002"; VariantName = "[No Variations]"
Add component (AddParameter): Name = "LatestRevisionNote"; Value = "Re-released for DXP Platform."; VariantName = "[No Variations]"
Add component (AddParameter): Name = "Publisher"; Value = "Altium Limited"; VariantName = "[No Variations]"
Added Component: Designator=J2(HDR1X8)
Add component. Clean all parameters for all variants
Add component (AddParameter): Name = "LatestRevisionDate"; Value = "17-Jul-2002"; VariantName = "[No Variations]"
Add component (AddParameter): Name = "LatestRevisionNote"; Value = "Re-released for DXP Platform."; VariantName = "[No Variations]"
Add component (AddParameter): Name = "Publisher"; Value = "Altium Limited"; VariantName = "[No Variations]"
Added Component: Designator=J4(HDR1X8)
Add component. Clean all parameters for all variants
Add component (AddParameter): Name = "LatestRevisionDate"; Value = "17-Jul-2002"; VariantName = "[No Variations]"
Add component (AddParameter): Name = "LatestRevisionNote"; Value = "Re-released for DXP Platform."; VariantName = "[No Variations]"
Add component (AddParameter): Name = "Publisher"; Value = "Altium Limited"; VariantName = "[No Variations]"
Added Component: Designator=P3(HDR1X8)
Add component. Clean all parameters for all variants
Add component (AddParameter): Name = "LatestRevisionDate"; Value = "17-Jul-2002"; VariantName = "[No Variations]"
Add component (AddParameter): Name = "LatestRevisionNote"; Value = "Re-released for DXP Platform."; VariantName = "[No Variations]"
Add component (AddParameter): Name = "Publisher"; Value = "Altium Limited"; VariantName = "[No Variations]"
Added Component: Designator=P5(HDR1X8)
Add component. Clean all parameters for all variants
Add component (AddParameter): Name = "LatestRevisionDate"; Value = "17-Jul-2002"; VariantName = "[No Variations]"
Add component (AddParameter): Name = "LatestRevisionNote"; Value = "Re-released for DXP Platform."; VariantName = "[No Variations]"
Add component (AddParameter): Name = "Publisher"; Value = "Altium Limited"; VariantName = "[No Variations]"
Added Pin To Net: NetName=GND Pin=J1-1
Added Pin To Net: NetName=V5V Pin=J1-2
Added Pin To Net: NetName=P1_0 Pin=J2-1
Added Pin To Net: NetName=P1_1 Pin=J2-2
Added Pin To Net: NetName=P1_2 Pin=J2-3
Added Pin To Net: NetName=P1_3 Pin=J2-4
Added Pin To Net: NetName=P1_4 Pin=J2-5
Added Pin To Net: NetName=P1_5 Pin=J2-6
Added Pin To Net: NetName=P1_6 Pin=J2-7
Added Pin To Net: NetName=P1_7 Pin=J2-8
Added Pin To Net: NetName=P3_0 Pin=J4-1
Added Pin To Net: NetName=P3_1 Pin=J4-2
Added Pin To Net: NetName=P3_2 Pin=J4-3
Added Pin To Net: NetName=P3_3 Pin=J4-4
Added Pin To Net: NetName=P3_4 Pin=J4-5
Added Pin To Net: NetName=P3_5 Pin=J4-6
Added Pin To Net: NetName=P3_6 Pin=J4-7
Added Pin To Net: NetName=P3_7 Pin=J4-8
Added Pin To Net: NetName=P0_0 Pin=P3-1
Added Pin To Net: NetName=P0_1 Pin=P3-2
Added Pin To Net: NetName=P0_2 Pin=P3-3
Added Pin To Net: NetName=P0_3 Pin=P3-4
Added Pin To Net: NetName=P0_4 Pin=P3-5
Added Pin To Net: NetName=P0_5 Pin=P3-6
Added Pin To Net: NetName=P0_6 Pin=P3-7
Added Pin To Net: NetName=P0_7 Pin=P3-8
Added Pin To Net: NetName=P2_7 Pin=P5-1
Added Pin To Net: NetName=P2_6 Pin=P5-2
Added Pin To Net: NetName=P2_5 Pin=P5-3
Added Pin To Net: NetName=P2_4 Pin=P5-4
Added Pin To Net: NetName=P2_3 Pin=P5-5
Added Pin To Net: NetName=P2_2 Pin=P5-6
Added Pin To Net: NetName=P2_1 Pin=P5-7
Added Pin To Net: NetName=P2_0 Pin=P5-8
Added Member To Class: ClassName=AT89C51_sys Member=Component J1 CON2
Added Member To Class: ClassName=AT89C51_sys Member=Component J2 CON8
Added Member To Class: ClassName=AT89C51_sys Member=Component J4 CON8
Added Member To Class: ClassName=AT89C51_sys Member=Component P3 CON8
Added Member To Class: ClassName=AT89C51_sys Member=Component P5 CON8
